------------------|-----------|-----------|-----------|-----------|
File              |   % Stmts |% Branches |   % Funcs |   % Lines |
------------------|-----------|-----------|-----------|-----------|
   lib/           |       100 |       100 |       100 |       100 |
      handlers.js |       100 |       100 |       100 |       100 |
      ute.js      |       100 |       100 |       100 |       100 |
------------------|-----------|-----------|-----------|-----------|
All files         |       100 |       100 |       100 |       100 |
------------------|-----------|-----------|-----------|-----------|
