TN:
SF:/Users/cliffano/dev/workspace/ute/lib/handlers.js
FN:10,error
FNF:1
FNH:1
FNDA:1,error
DA:10,1
DA:11,1
DA:12,1
DA:15,1
LF:4
LH:4
BRF:0
BRH:0
end_of_record
TN:
SF:/Users/cliffano/dev/workspace/ute/lib/ute.js
FN:15,Ute
FN:34,(anonymous_2)
FN:41,(anonymous_3)
FN:59,(anonymous_4)
FNF:4
FNH:4
FNDA:3,Ute
FNDA:1,(anonymous_2)
FNDA:1,(anonymous_3)
FNDA:1,(anonymous_4)
DA:1,2
DA:2,2
DA:3,2
DA:4,2
DA:5,2
DA:6,2
DA:7,2
DA:8,2
DA:9,2
DA:10,2
DA:15,1
DA:16,3
DA:18,3
DA:24,3
DA:34,2
DA:36,1
DA:37,1
DA:38,1
DA:39,1
DA:41,1
DA:42,1
DA:43,1
DA:47,1
DA:50,1
DA:53,1
DA:56,1
DA:59,1
DA:60,1
DA:64,1
DA:65,1
DA:68,1
DA:69,1
DA:71,1
DA:74,2
LF:34
LH:34
BRDA:16,1,0,3
BRDA:16,1,1,1
BRDA:19,2,0,3
BRDA:19,2,1,1
BRDA:20,3,0,3
BRDA:20,3,1,1
BRDA:21,4,0,3
BRDA:21,4,1,1
BRF:8
BRH:8
end_of_record
